  
  C:\Users\rutwi\source\repos\knapsackcodegpu1001\knapsackcodegpu1001>"C:\Program Files\NVIDIA GPU Computing Toolkit\CUDA\v10.1\bin\nvcc.exe" -ccbin "C:\Program Files (x86)\Microsoft Visual Studio\2017\Community\VC\Tools\MSVC\14.16.27023\bin\HostX86\x64" -x cu  -I"C:\Program Files\NVIDIA GPU Computing Toolkit\CUDA\v10.1\include" -I"C:\Program Files\NVIDIA GPU Computing Toolkit\CUDA\v10.1\include"  -G   --keep-dir x64\Debug -maxrregcount=0  --machine 64 --compile   -g   -DWIN32 -DWIN64 -D_DEBUG -D_CONSOLE -D_MBCS -Xcompiler "/EHsc /W3 /nologo /Od  /FS /Zi /RTC1 /MDd " -o x64\Debug\kernels.cu.obj "C:\Users\rutwi\source\repos\knapsackcodegpu1001\knapsackcodegpu1001\kernels.cu" -clean 
  
  C:\Users\rutwi\source\repos\knapsackcodegpu1001\knapsackcodegpu1001>"C:\Program Files\NVIDIA GPU Computing Toolkit\CUDA\v10.1\bin\nvcc.exe" -ccbin "C:\Program Files (x86)\Microsoft Visual Studio\2017\Community\VC\Tools\MSVC\14.16.27023\bin\HostX86\x64" -x cu  -I"C:\Program Files\NVIDIA GPU Computing Toolkit\CUDA\v10.1\include" -I"C:\Program Files\NVIDIA GPU Computing Toolkit\CUDA\v10.1\include"  -G   --keep-dir x64\Debug -maxrregcount=0  --machine 64 --compile   -g   -DWIN32 -DWIN64 -D_DEBUG -D_CONSOLE -D_MBCS -Xcompiler "/EHsc /W3 /nologo /Od  /FS /Zi /RTC1 /MDd " -o x64\Debug\knapsack.cu.obj "C:\Users\rutwi\source\repos\knapsackcodegpu1001\knapsackcodegpu1001\knapsack.cu" -clean 
  kernels.cu
  knapsack.cu
  Compiling CUDA source file knapsack.cu...
  Compiling CUDA source file kernels.cu...
  
  C:\Users\rutwi\source\repos\knapsackcodegpu1001\knapsackcodegpu1001>"C:\Program Files\NVIDIA GPU Computing Toolkit\CUDA\v10.1\bin\nvcc.exe" -gencode=arch=compute_35,code=\"sm_35,compute_35\" --use-local-env -ccbin "C:\Program Files (x86)\Microsoft Visual Studio\2017\Community\VC\Tools\MSVC\14.16.27023\bin\HostX86\x64" -x cu  -I"C:\Program Files\NVIDIA GPU Computing Toolkit\CUDA\v10.1\include" -I"C:\Program Files\NVIDIA GPU Computing Toolkit\CUDA\v10.1\include"  -G   --keep-dir x64\Debug -maxrregcount=0  --machine 64 --compile -cudart static  -g   -DWIN32 -DWIN64 -D_DEBUG -D_CONSOLE -D_MBCS -Xcompiler "/EHsc /W3 /nologo /Od /Fdx64\Debug\vc141.pdb /FS /Zi /RTC1 /MDd " -o x64\Debug\knapsack.cu.obj "C:\Users\rutwi\source\repos\knapsackcodegpu1001\knapsackcodegpu1001\knapsack.cu" 
  
  C:\Users\rutwi\source\repos\knapsackcodegpu1001\knapsackcodegpu1001>"C:\Program Files\NVIDIA GPU Computing Toolkit\CUDA\v10.1\bin\nvcc.exe" -gencode=arch=compute_35,code=\"sm_35,compute_35\" --use-local-env -ccbin "C:\Program Files (x86)\Microsoft Visual Studio\2017\Community\VC\Tools\MSVC\14.16.27023\bin\HostX86\x64" -x cu  -I"C:\Program Files\NVIDIA GPU Computing Toolkit\CUDA\v10.1\include" -I"C:\Program Files\NVIDIA GPU Computing Toolkit\CUDA\v10.1\include"  -G   --keep-dir x64\Debug -maxrregcount=0  --machine 64 --compile -cudart static  -g   -DWIN32 -DWIN64 -D_DEBUG -D_CONSOLE -D_MBCS -Xcompiler "/EHsc /W3 /nologo /Od /Fdx64\Debug\vc141.pdb /FS /Zi /RTC1 /MDd " -o x64\Debug\kernels.cu.obj "C:\Users\rutwi\source\repos\knapsackcodegpu1001\knapsackcodegpu1001\kernels.cu" 
c:\users\rutwi\source\repos\knapsackcodegpu1001\knapsackcodegpu1001\knapsack.cuh(8): error : invalid redeclaration of type name "KnapsackInstance"
c:\users\rutwi\source\repos\knapsackcodegpu1001\knapsackcodegpu1001\knapsack.cuh(33): error : invalid redeclaration of type name "KnapsackSolution"
c:\users\rutwi\source\repos\knapsackcodegpu1001\knapsackcodegpu1001\knapsack.cuh(71): error : invalid redeclaration of type name "KnapsackDPSolver"
c:\users\rutwi\source\repos\knapsackcodegpu1001\knapsackcodegpu1001\knapsack.cuh(85): error : invalid redeclaration of type name "KnapsackBFSolver"
C:/Users/rutwi/source/repos/knapsackcodegpu1001/knapsackcodegpu1001/knapsack.cu(995): warning : transfer of control bypasses initialization of:
C:/Users/rutwi/source/repos/knapsackcodegpu1001/knapsackcodegpu1001/knapsack.cu(1003): warning : transfer of control bypasses initialization of:
C:/Users/rutwi/source/repos/knapsackcodegpu1001/knapsackcodegpu1001/knapsack.cu(984): warning : variable "intSize" was declared but never referenced
C:/Users/rutwi/source/repos/knapsackcodegpu1001/knapsackcodegpu1001/knapsack.cu(1052): warning : variable "endSolVector" was declared but never referenced
C:/Users/rutwi/source/repos/knapsackcodegpu1001/knapsackcodegpu1001/knapsack.cu(1053): warning : variable "endRawData" was declared but never referenced
  knapsack.cu
C:\Program Files (x86)\Microsoft Visual Studio\2017\Community\Common7\IDE\VC\VCTargets\BuildCustomizations\CUDA 10.1.targets(762,9): error MSB3721: The command ""C:\Program Files\NVIDIA GPU Computing Toolkit\CUDA\v10.1\bin\nvcc.exe" -gencode=arch=compute_35,code=\"sm_35,compute_35\" --use-local-env -ccbin "C:\Program Files (x86)\Microsoft Visual Studio\2017\Community\VC\Tools\MSVC\14.16.27023\bin\HostX86\x64" -x cu  -I"C:\Program Files\NVIDIA GPU Computing Toolkit\CUDA\v10.1\include" -I"C:\Program Files\NVIDIA GPU Computing Toolkit\CUDA\v10.1\include"  -G   --keep-dir x64\Debug -maxrregcount=0  --machine 64 --compile -cudart static  -g   -DWIN32 -DWIN64 -D_DEBUG -D_CONSOLE -D_MBCS -Xcompiler "/EHsc /W3 /nologo /Od /Fdx64\Debug\vc141.pdb /FS /Zi /RTC1 /MDd " -o x64\Debug\knapsack.cu.obj "C:\Users\rutwi\source\repos\knapsackcodegpu1001\knapsackcodegpu1001\knapsack.cu"" exited with code 1.
  kernels.cu
